<?xml version="1.0" encoding="UTF-8"?>
<testsuite xmlns:xsi="http://www.w3.org/2001/XMLSchema-instance" xsi:noNamespaceSchemaLocation="https://maven.apache.org/surefire/maven-surefire-plugin/xsd/surefire-test-report-3.0.xsd" version="3.0" name="com.springboot.swt.project.SoftwavesApplicationTests" time="5.225" tests="1" errors="0" skipped="0" failures="0">
  <properties>
[...]
</properties>
  <testcase name="contextLoads" classname="com.springboot.swt.project.SoftwavesApplicationTests" time="0.372">
    <system-out><![CDATA[17:12:08.852 [main] INFO org.springframework.test.context.support.AnnotationConfigContextLoaderUtils -- Could not detect default configuration classes for test class [com.springboot.swt.project.SoftwavesApplicationTests]: SoftwavesApplicationTests does not declare any static, non-private, non-final, nested classes annotated with @Configuration.
17:12:08.916 [main] INFO org.springframework.boot.test.context.SpringBootTestContextBootstrapper -- Found @SpringBootConfiguration com.springboot.swt.project.SoftwavesApplication for test class com.springboot.swt.project.SoftwavesApplicationTests
17:12:09.053 [main] INFO org.springframework.boot.devtools.restart.RestartApplicationListener -- Restart disabled due to context in which it is running

  .   ____          _            __ _ _
 /\\ / ___'_ __ _ _(_)_ __  __ _ \ \ \ \
( ( )\___ | '_ | '_| | '_ \/ _` | \ \ \ \
 \\/  ___)| |_)| | | | | || (_| |  ) ) ) )
  '  |____| .__|_| |_|_| |_\__, | / / / /
 =========|_|==============|___/=/_/_/_/

 :: Spring Boot ::                (v3.3.2)

2024-10-01T17:12:09.268+05:30  INFO 9844 --- [Softwaves] [           main] c.s.s.project.SoftwavesApplicationTests  : Starting SoftwavesApplicationTests using Java 17.0.10 with PID 9844 (started by Abc in D:\softwaves-main)
2024-10-01T17:12:09.269+05:30  INFO 9844 --- [Softwaves] [           main] c.s.s.project.SoftwavesApplicationTests  : No active profile set, falling back to 1 default profile: "default"
2024-10-01T17:12:10.001+05:30  INFO 9844 --- [Softwaves] [           main] .s.d.r.c.RepositoryConfigurationDelegate : Bootstrapping Spring Data JPA repositories in DEFAULT mode.
2024-10-01T17:12:10.047+05:30  INFO 9844 --- [Softwaves] [           main] .s.d.r.c.RepositoryConfigurationDelegate : Finished Spring Data repository scanning in 41 ms. Found 4 JPA repository interfaces.
2024-10-01T17:12:10.539+05:30  INFO 9844 --- [Softwaves] [           main] o.hibernate.jpa.internal.util.LogHelper  : HHH000204: Processing PersistenceUnitInfo [name: default]
2024-10-01T17:12:10.585+05:30  INFO 9844 --- [Softwaves] [           main] org.hibernate.Version                    : HHH000412: Hibernate ORM core version 6.5.2.Final
2024-10-01T17:12:10.611+05:30  INFO 9844 --- [Softwaves] [           main] o.h.c.internal.RegionFactoryInitiator    : HHH000026: Second-level cache disabled
2024-10-01T17:12:10.891+05:30  INFO 9844 --- [Softwaves] [           main] o.s.o.j.p.SpringPersistenceUnitInfo      : No LoadTimeWeaver setup: ignoring JPA class transformer
2024-10-01T17:12:10.912+05:30  INFO 9844 --- [Softwaves] [           main] com.zaxxer.hikari.HikariDataSource       : HikariPool-1 - Starting...
2024-10-01T17:12:11.232+05:30  INFO 9844 --- [Softwaves] [           main] com.zaxxer.hikari.pool.HikariPool        : HikariPool-1 - Added connection com.mysql.cj.jdbc.ConnectionImpl@6eb5b9e7
2024-10-01T17:12:11.236+05:30  INFO 9844 --- [Softwaves] [           main] com.zaxxer.hikari.HikariDataSource       : HikariPool-1 - Start completed.
2024-10-01T17:12:11.279+05:30  WARN 9844 --- [Softwaves] [           main] org.hibernate.dialect.Dialect            : HHH000511: The 5.5.5 version for [org.hibernate.dialect.MySQLDialect] is no longer supported, hence certain features may not work properly. The minimum supported version is 8.0.0. Check the community dialects project for available legacy versions.
2024-10-01T17:12:11.282+05:30  WARN 9844 --- [Softwaves] [           main] org.hibernate.orm.deprecation            : HHH90000025: MySQLDialect does not need to be specified explicitly using 'hibernate.dialect' (remove the property setting and it will be selected by default)
2024-10-01T17:12:11.933+05:30  INFO 9844 --- [Softwaves] [           main] o.h.e.t.j.p.i.JtaPlatformInitiator       : HHH000489: No JTA platform available (set 'hibernate.transaction.jta.platform' to enable JTA platform integration)
2024-10-01T17:12:12.323+05:30  INFO 9844 --- [Softwaves] [           main] j.LocalContainerEntityManagerFactoryBean : Initialized JPA EntityManagerFactory for persistence unit 'default'
2024-10-01T17:12:12.878+05:30  WARN 9844 --- [Softwaves] [           main] JpaBaseConfiguration$JpaWebConfiguration : spring.jpa.open-in-view is enabled by default. Therefore, database queries may be performed during view rendering. Explicitly configure spring.jpa.open-in-view to disable this warning
2024-10-01T17:12:12.908+05:30  INFO 9844 --- [Softwaves] [           main] o.s.b.a.w.s.WelcomePageHandlerMapping    : Adding welcome page template: index
2024-10-01T17:12:13.490+05:30  INFO 9844 --- [Softwaves] [           main] o.s.b.a.e.web.EndpointLinksResolver      : Exposing 1 endpoint beneath base path '/actuator'
2024-10-01T17:12:13.545+05:30  INFO 9844 --- [Softwaves] [           main] c.s.s.project.SoftwavesApplicationTests  : Started SoftwavesApplicationTests in 4.501 seconds (process running for 5.2)
]]></system-out>
  </testcase>
</testsuite>